This file contains any messages produced by compilers while
running configure, to aid debugging if configure makes a mistake.

It was created by pkcs11-helper configure 1.11, which was
generated by GNU Autoconf 2.69.  Invocation command line was

  $ ./configure --build=x86_64-apple-darwin --prefix=/Users/Jean/Dropbox/Website/openVPN/third_party/build/staging/pkcs11-helper-1.11_x86_64 --includedir=/Users/Jean/Dropbox/Website/openVPN/third_party/build/staging/pkcs11-helper-1.11/include --enable-static --enable-shared=no --enable-slotevent=no --enable-threading=no --disable-dependency-tracking

## --------- ##
## Platform. ##
## --------- ##

hostname = Jeans-MacBook-Pro.local
uname -m = x86_64
uname -r = 15.4.0
uname -s = Darwin
uname -v = Darwin Kernel Version 15.4.0: Fri Feb 26 22:08:05 PST 2016; root:xnu-3248.40.184~3/RELEASE_X86_64

/usr/bin/uname -p = i386
/bin/uname -X     = unknown

/bin/arch              = unknown
/usr/bin/arch -k       = unknown
/usr/convex/getsysinfo = unknown
/usr/bin/hostinfo      = Mach kernel version:
	 Darwin Kernel Version 15.4.0: Fri Feb 26 22:08:05 PST 2016; root:xnu-3248.40.184~3/RELEASE_X86_64
Kernel configured for up to 8 processors.
4 processors are physically available.
8 processors are logically available.
Processor type: i486 (Intel 80486)
Processors active: 0 1 2 3 4 5 6 7
Primary memory available: 8.00 gigabytes
Default processor set: 313 tasks, 1489 threads, 8 processors
Load average: 3.36, Mach factor: 4.63
/bin/machine           = unknown
/usr/bin/oslevel       = unknown
/bin/universe          = unknown

PATH: /usr/local/bin
PATH: /Applications/Xcode.app/Contents/Developer/Toolchains/XcodeDefault.xctoolchain/usr/bin
PATH: /Applications/Xcode.app/Contents/Developer/Toolchains/XcodeDefault.xctoolchain/usr/local/bin
PATH: /Applications/Xcode.app/Contents/Developer/Toolchains/XcodeDefault.xctoolchain/usr/libexec
PATH: /Applications/Xcode.app/Contents/Developer/Platforms/MacOSX.platform/Developer/usr/bin
PATH: /Applications/Xcode.app/Contents/Developer/Platforms/MacOSX.platform/Developer/usr/local/bin
PATH: /Applications/Xcode.app/Contents/Developer/Platforms/MacOSX.platform/usr/bin
PATH: /Applications/Xcode.app/Contents/Developer/Platforms/MacOSX.platform/usr/local/bin
PATH: /Applications/Xcode.app/Contents/Developer/usr/bin
PATH: /Applications/Xcode.app/Contents/Developer/usr/local/bin
PATH: /Applications/Xcode.app/Contents/Developer/Tools
PATH: /usr/local/bin
PATH: /usr/bin
PATH: /bin
PATH: /usr/sbin
PATH: /sbin


## ----------- ##
## Core tests. ##
## ----------- ##

configure:2611: checking for a BSD-compatible install
configure:2679: result: /usr/bin/install -c
configure:2690: checking whether build environment is sane
configure:2740: result: yes
configure:2881: checking for a thread-safe mkdir -p
configure:2920: result: ./install-sh -c -d
configure:2933: checking for gawk
configure:2963: result: no
configure:2933: checking for mawk
configure:2963: result: no
configure:2933: checking for nawk
configure:2963: result: no
configure:2933: checking for awk
configure:2949: found /usr/bin/awk
configure:2960: result: awk
configure:2971: checking whether make sets $(MAKE)
configure:2993: result: yes
configure:3091: checking build system type
configure:3105: result: x86_64-apple-darwin
configure:3125: checking host system type
configure:3138: result: x86_64-apple-darwin
configure:3436: checking for gcc
configure:3463: result: gcc
configure:3692: checking for C compiler version
configure:3701: gcc --version >&5
Apple LLVM version 7.3.0 (clang-703.0.31)
Target: x86_64-apple-darwin15.4.0
Thread model: posix
InstalledDir: /Applications/Xcode.app/Contents/Developer/Toolchains/XcodeDefault.xctoolchain/usr/bin
Configured with: --prefix=/Applications/Xcode.app/Contents/Developer/usr --with-gxx-include-dir=/Applications/Xcode.app/Contents/Developer/Platforms/MacOSX.platform/Developer/SDKs/MacOSX10.11.sdk/usr/include/c++/4.2.1
configure:3712: $? = 0
configure:3701: gcc -v >&5
Configured with: --prefix=/Applications/Xcode.app/Contents/Developer/usr --with-gxx-include-dir=/Applications/Xcode.app/Contents/Developer/Platforms/MacOSX.platform/Developer/SDKs/MacOSX10.11.sdk/usr/include/c++/4.2.1
Apple LLVM version 7.3.0 (clang-703.0.31)
Target: x86_64-apple-darwin15.4.0
Thread model: posix
InstalledDir: /Applications/Xcode.app/Contents/Developer/Toolchains/XcodeDefault.xctoolchain/usr/bin
configure:3712: $? = 0
configure:3701: gcc -V >&5
clang: error: argument to '-V' is missing (expected 1 value)
clang: error: no input files
configure:3712: $? = 1
configure:3701: gcc -qversion >&5
clang: error: unknown argument: '-qversion'
clang: error: no input files
configure:3712: $? = 1
configure:3732: checking whether the C compiler works
configure:3754: gcc -isysroot /Applications/Xcode.app/Contents/Developer/Platforms/MacOSX.platform/Developer/SDKs/MacOSX10.11.sdk -Os -mmacosx-version-min=10.6 -arch x86_64   conftest.c  >&5
configure:3758: $? = 0
configure:3806: result: yes
configure:3809: checking for C compiler default output file name
configure:3811: result: a.out
configure:3817: checking for suffix of executables
configure:3824: gcc -o conftest -isysroot /Applications/Xcode.app/Contents/Developer/Platforms/MacOSX.platform/Developer/SDKs/MacOSX10.11.sdk -Os -mmacosx-version-min=10.6 -arch x86_64   conftest.c  >&5
configure:3828: $? = 0
configure:3850: result: 
configure:3872: checking whether we are cross compiling
configure:3880: gcc -o conftest -isysroot /Applications/Xcode.app/Contents/Developer/Platforms/MacOSX.platform/Developer/SDKs/MacOSX10.11.sdk -Os -mmacosx-version-min=10.6 -arch x86_64   conftest.c  >&5
configure:3884: $? = 0
configure:3891: ./conftest
configure:3895: $? = 0
configure:3910: result: no
configure:3915: checking for suffix of object files
configure:3937: gcc -c -isysroot /Applications/Xcode.app/Contents/Developer/Platforms/MacOSX.platform/Developer/SDKs/MacOSX10.11.sdk -Os -mmacosx-version-min=10.6 -arch x86_64  conftest.c >&5
configure:3941: $? = 0
configure:3962: result: o
configure:3966: checking whether we are using the GNU C compiler
configure:3985: gcc -c -isysroot /Applications/Xcode.app/Contents/Developer/Platforms/MacOSX.platform/Developer/SDKs/MacOSX10.11.sdk -Os -mmacosx-version-min=10.6 -arch x86_64  conftest.c >&5
configure:3985: $? = 0
configure:3994: result: yes
configure:4003: checking whether gcc accepts -g
configure:4023: gcc -c -g  conftest.c >&5
configure:4023: $? = 0
configure:4064: result: yes
configure:4081: checking for gcc option to accept ISO C89
configure:4144: gcc  -c -isysroot /Applications/Xcode.app/Contents/Developer/Platforms/MacOSX.platform/Developer/SDKs/MacOSX10.11.sdk -Os -mmacosx-version-min=10.6 -arch x86_64  conftest.c >&5
configure:4144: $? = 0
configure:4157: result: none needed
configure:4188: checking for style of include used by make
configure:4216: result: GNU
configure:4242: checking dependency style of gcc
configure:4353: result: none
configure:4423: checking for pkg-config
configure:4441: found /usr/local/bin/pkg-config
configure:4453: result: /usr/local/bin/pkg-config
configure:4478: checking pkg-config is at least version 0.9.0
configure:4481: result: yes
configure:4494: checking for m4
configure:4510: found /Applications/Xcode.app/Contents/Developer/Toolchains/XcodeDefault.xctoolchain/usr/bin/m4
configure:4521: result: m4
configure:4580: checking how to print strings
configure:4607: result: printf
configure:4628: checking for a sed that does not truncate output
configure:4692: result: /usr/bin/sed
configure:4710: checking for grep that handles long lines and -e
configure:4768: result: /usr/bin/grep
configure:4773: checking for egrep
configure:4835: result: /usr/bin/grep -E
configure:4840: checking for fgrep
configure:4902: result: /usr/bin/grep -F
configure:4937: checking for ld used by gcc
configure:5004: result: /Applications/Xcode.app/Contents/Developer/Toolchains/XcodeDefault.xctoolchain/usr/bin/ld
configure:5011: checking if the linker (/Applications/Xcode.app/Contents/Developer/Toolchains/XcodeDefault.xctoolchain/usr/bin/ld) is GNU ld
configure:5026: result: no
configure:5038: checking for BSD- or MS-compatible name lister (nm)
configure:5087: result: /Applications/Xcode.app/Contents/Developer/Toolchains/XcodeDefault.xctoolchain/usr/bin/nm -B
configure:5217: checking the name lister (/Applications/Xcode.app/Contents/Developer/Toolchains/XcodeDefault.xctoolchain/usr/bin/nm -B) interface
configure:5224: gcc -c -isysroot /Applications/Xcode.app/Contents/Developer/Platforms/MacOSX.platform/Developer/SDKs/MacOSX10.11.sdk -Os -mmacosx-version-min=10.6 -arch x86_64  conftest.c >&5
configure:5227: /Applications/Xcode.app/Contents/Developer/Toolchains/XcodeDefault.xctoolchain/usr/bin/nm -B "conftest.o"
configure:5230: output
0000000000000000 S _some_variable
configure:5237: result: BSD nm
configure:5240: checking whether ln -s works
configure:5244: result: yes
configure:5252: checking the maximum length of command line arguments
configure:5382: result: 196608
configure:5399: checking whether the shell understands some XSI constructs
configure:5409: result: yes
configure:5413: checking whether the shell understands "+="
configure:5419: result: yes
configure:5454: checking how to convert x86_64-apple-darwin file names to x86_64-apple-darwin format
configure:5494: result: func_convert_file_noop
configure:5501: checking how to convert x86_64-apple-darwin file names to toolchain format
configure:5521: result: func_convert_file_noop
configure:5528: checking for /Applications/Xcode.app/Contents/Developer/Toolchains/XcodeDefault.xctoolchain/usr/bin/ld option to reload object files
configure:5535: result: -r
configure:5609: checking for objdump
configure:5639: result: no
configure:5665: checking how to recognize dependent libraries
configure:5867: result: pass_all
configure:5952: checking for dlltool
configure:5982: result: no
configure:6009: checking how to associate runtime and link libraries
configure:6036: result: printf %s\n
configure:6097: checking for ar
configure:6113: found /Applications/Xcode.app/Contents/Developer/Toolchains/XcodeDefault.xctoolchain/usr/bin/ar
configure:6124: result: ar
configure:6161: checking for archiver @FILE support
configure:6178: gcc -c -isysroot /Applications/Xcode.app/Contents/Developer/Platforms/MacOSX.platform/Developer/SDKs/MacOSX10.11.sdk -Os -mmacosx-version-min=10.6 -arch x86_64  conftest.c >&5
configure:6178: $? = 0
configure:6181: ar cru libconftest.a @conftest.lst >&5
ar: @conftest.lst: No such file or directory
configure:6184: $? = 1
configure:6204: result: no
configure:6262: checking for strip
configure:6278: found /Applications/Xcode.app/Contents/Developer/Toolchains/XcodeDefault.xctoolchain/usr/bin/strip
configure:6289: result: strip
configure:6361: checking for ranlib
configure:6377: found /Applications/Xcode.app/Contents/Developer/Toolchains/XcodeDefault.xctoolchain/usr/bin/ranlib
configure:6388: result: ranlib
configure:6490: checking command to parse /Applications/Xcode.app/Contents/Developer/Toolchains/XcodeDefault.xctoolchain/usr/bin/nm -B output from gcc object
configure:6610: gcc -c -isysroot /Applications/Xcode.app/Contents/Developer/Platforms/MacOSX.platform/Developer/SDKs/MacOSX10.11.sdk -Os -mmacosx-version-min=10.6 -arch x86_64  conftest.c >&5
configure:6613: $? = 0
configure:6617: /Applications/Xcode.app/Contents/Developer/Toolchains/XcodeDefault.xctoolchain/usr/bin/nm -B conftest.o \| sed -n -e 's/^.*[ ]\([BCDEGRST][BCDEGRST]*\)[ ][ ]*\([_A-Za-z][_A-Za-z0-9]*\)$/\1 \2 \2/p' | sed '/ __gnu_lto/d' \> conftest.nm
configure:6620: $? = 0
cannot find nm_test_var in conftest.nm
configure:6610: gcc -c -isysroot /Applications/Xcode.app/Contents/Developer/Platforms/MacOSX.platform/Developer/SDKs/MacOSX10.11.sdk -Os -mmacosx-version-min=10.6 -arch x86_64  conftest.c >&5
configure:6613: $? = 0
configure:6617: /Applications/Xcode.app/Contents/Developer/Toolchains/XcodeDefault.xctoolchain/usr/bin/nm -B conftest.o \| sed -n -e 's/^.*[ ]\([BCDEGRST][BCDEGRST]*\)[ ][ ]*_\([_A-Za-z][_A-Za-z0-9]*\)$/\1 _\2 \2/p' | sed '/ __gnu_lto/d' \> conftest.nm
configure:6620: $? = 0
configure:6686: gcc -o conftest -isysroot /Applications/Xcode.app/Contents/Developer/Platforms/MacOSX.platform/Developer/SDKs/MacOSX10.11.sdk -Os -mmacosx-version-min=10.6 -arch x86_64   conftest.c conftstm.o >&5
configure:6689: $? = 0
configure:6727: result: ok
configure:6764: checking for sysroot
configure:6794: result: no
configure:7050: checking for mt
configure:7080: result: no
configure:7100: checking if : is a manifest tool
configure:7106: : '-?'
configure:7114: result: no
configure:7170: checking for dsymutil
configure:7186: found /Applications/Xcode.app/Contents/Developer/Toolchains/XcodeDefault.xctoolchain/usr/bin/dsymutil
configure:7197: result: dsymutil
configure:7262: checking for nmedit
configure:7278: found /Applications/Xcode.app/Contents/Developer/Toolchains/XcodeDefault.xctoolchain/usr/bin/nmedit
configure:7289: result: nmedit
configure:7354: checking for lipo
configure:7370: found /Applications/Xcode.app/Contents/Developer/Toolchains/XcodeDefault.xctoolchain/usr/bin/lipo
configure:7381: result: lipo
configure:7446: checking for otool
configure:7462: found /Applications/Xcode.app/Contents/Developer/Toolchains/XcodeDefault.xctoolchain/usr/bin/otool
configure:7473: result: otool
configure:7538: checking for otool64
configure:7568: result: no
configure:7613: checking for -single_module linker flag
gcc -isysroot /Applications/Xcode.app/Contents/Developer/Platforms/MacOSX.platform/Developer/SDKs/MacOSX10.11.sdk -Os -mmacosx-version-min=10.6 -arch x86_64  -o libconftest.dylib -dynamiclib -Wl,-single_module conftest.c
configure:7646: result: yes
configure:7649: checking for -exported_symbols_list linker flag
configure:7669: gcc -o conftest -isysroot /Applications/Xcode.app/Contents/Developer/Platforms/MacOSX.platform/Developer/SDKs/MacOSX10.11.sdk -Os -mmacosx-version-min=10.6 -arch x86_64   -Wl,-exported_symbols_list,conftest.sym conftest.c  >&5
configure:7669: $? = 0
configure:7679: result: yes
configure:7682: checking for -force_load linker flag
gcc -isysroot /Applications/Xcode.app/Contents/Developer/Platforms/MacOSX.platform/Developer/SDKs/MacOSX10.11.sdk -Os -mmacosx-version-min=10.6 -arch x86_64 -c -o conftest.o conftest.c
ar cru libconftest.a conftest.o
ranlib libconftest.a
gcc -isysroot /Applications/Xcode.app/Contents/Developer/Platforms/MacOSX.platform/Developer/SDKs/MacOSX10.11.sdk -Os -mmacosx-version-min=10.6 -arch x86_64  -o conftest conftest.c -Wl,-force_load,./libconftest.a
configure:7714: result: yes
configure:7756: checking how to run the C preprocessor
configure:7787: gcc -E  conftest.c
configure:7787: $? = 0
configure:7801: gcc -E  conftest.c
conftest.c:13:10: fatal error: 'ac_nonexistent.h' file not found
#include <ac_nonexistent.h>
         ^
1 error generated.
configure:7801: $? = 1
configure: failed program was:
| /* confdefs.h */
| #define PACKAGE_NAME "pkcs11-helper"
| #define PACKAGE_TARNAME "pkcs11-helper"
| #define PACKAGE_VERSION "1.11"
| #define PACKAGE_STRING "pkcs11-helper 1.11"
| #define PACKAGE_BUGREPORT ""
| #define PACKAGE_URL ""
| #define PACKAGE "pkcs11-helper"
| #define VERSION "1.11"
| #define TEST_PROVIDER "/usr/lib/pkcs11/provider.so"
| #define TEST_LOG_LEVEL 3
| /* end confdefs.h.  */
| #include <ac_nonexistent.h>
configure:7826: result: gcc -E
configure:7846: gcc -E  conftest.c
configure:7846: $? = 0
configure:7860: gcc -E  conftest.c
conftest.c:13:10: fatal error: 'ac_nonexistent.h' file not found
#include <ac_nonexistent.h>
         ^
1 error generated.
configure:7860: $? = 1
configure: failed program was:
| /* confdefs.h */
| #define PACKAGE_NAME "pkcs11-helper"
| #define PACKAGE_TARNAME "pkcs11-helper"
| #define PACKAGE_VERSION "1.11"
| #define PACKAGE_STRING "pkcs11-helper 1.11"
| #define PACKAGE_BUGREPORT ""
| #define PACKAGE_URL ""
| #define PACKAGE "pkcs11-helper"
| #define VERSION "1.11"
| #define TEST_PROVIDER "/usr/lib/pkcs11/provider.so"
| #define TEST_LOG_LEVEL 3
| /* end confdefs.h.  */
| #include <ac_nonexistent.h>
configure:7889: checking for ANSI C header files
configure:7909: gcc -c -isysroot /Applications/Xcode.app/Contents/Developer/Platforms/MacOSX.platform/Developer/SDKs/MacOSX10.11.sdk -Os -mmacosx-version-min=10.6 -arch x86_64  conftest.c >&5
configure:7909: $? = 0
configure:7982: gcc -o conftest -isysroot /Applications/Xcode.app/Contents/Developer/Platforms/MacOSX.platform/Developer/SDKs/MacOSX10.11.sdk -Os -mmacosx-version-min=10.6 -arch x86_64   conftest.c  >&5
configure:7982: $? = 0
configure:7982: ./conftest
configure:7982: $? = 0
configure:7993: result: yes
configure:8006: checking for sys/types.h
configure:8006: gcc -c -isysroot /Applications/Xcode.app/Contents/Developer/Platforms/MacOSX.platform/Developer/SDKs/MacOSX10.11.sdk -Os -mmacosx-version-min=10.6 -arch x86_64  conftest.c >&5
configure:8006: $? = 0
configure:8006: result: yes
configure:8006: checking for sys/stat.h
configure:8006: gcc -c -isysroot /Applications/Xcode.app/Contents/Developer/Platforms/MacOSX.platform/Developer/SDKs/MacOSX10.11.sdk -Os -mmacosx-version-min=10.6 -arch x86_64  conftest.c >&5
configure:8006: $? = 0
configure:8006: result: yes
configure:8006: checking for stdlib.h
configure:8006: gcc -c -isysroot /Applications/Xcode.app/Contents/Developer/Platforms/MacOSX.platform/Developer/SDKs/MacOSX10.11.sdk -Os -mmacosx-version-min=10.6 -arch x86_64  conftest.c >&5
configure:8006: $? = 0
configure:8006: result: yes
configure:8006: checking for string.h
configure:8006: gcc -c -isysroot /Applications/Xcode.app/Contents/Developer/Platforms/MacOSX.platform/Developer/SDKs/MacOSX10.11.sdk -Os -mmacosx-version-min=10.6 -arch x86_64  conftest.c >&5
configure:8006: $? = 0
configure:8006: result: yes
configure:8006: checking for memory.h
configure:8006: gcc -c -isysroot /Applications/Xcode.app/Contents/Developer/Platforms/MacOSX.platform/Developer/SDKs/MacOSX10.11.sdk -Os -mmacosx-version-min=10.6 -arch x86_64  conftest.c >&5
configure:8006: $? = 0
configure:8006: result: yes
configure:8006: checking for strings.h
configure:8006: gcc -c -isysroot /Applications/Xcode.app/Contents/Developer/Platforms/MacOSX.platform/Developer/SDKs/MacOSX10.11.sdk -Os -mmacosx-version-min=10.6 -arch x86_64  conftest.c >&5
configure:8006: $? = 0
configure:8006: result: yes
configure:8006: checking for inttypes.h
configure:8006: gcc -c -isysroot /Applications/Xcode.app/Contents/Developer/Platforms/MacOSX.platform/Developer/SDKs/MacOSX10.11.sdk -Os -mmacosx-version-min=10.6 -arch x86_64  conftest.c >&5
configure:8006: $? = 0
configure:8006: result: yes
configure:8006: checking for stdint.h
configure:8006: gcc -c -isysroot /Applications/Xcode.app/Contents/Developer/Platforms/MacOSX.platform/Developer/SDKs/MacOSX10.11.sdk -Os -mmacosx-version-min=10.6 -arch x86_64  conftest.c >&5
configure:8006: $? = 0
configure:8006: result: yes
configure:8006: checking for unistd.h
configure:8006: gcc -c -isysroot /Applications/Xcode.app/Contents/Developer/Platforms/MacOSX.platform/Developer/SDKs/MacOSX10.11.sdk -Os -mmacosx-version-min=10.6 -arch x86_64  conftest.c >&5
configure:8006: $? = 0
configure:8006: result: yes
configure:8020: checking for dlfcn.h
configure:8020: gcc -c -isysroot /Applications/Xcode.app/Contents/Developer/Platforms/MacOSX.platform/Developer/SDKs/MacOSX10.11.sdk -Os -mmacosx-version-min=10.6 -arch x86_64  conftest.c >&5
configure:8020: $? = 0
configure:8020: result: yes
configure:8524: checking for objdir
configure:8539: result: .libs
configure:8810: checking if gcc supports -fno-rtti -fno-exceptions
configure:8828: gcc -c -isysroot /Applications/Xcode.app/Contents/Developer/Platforms/MacOSX.platform/Developer/SDKs/MacOSX10.11.sdk -Os -mmacosx-version-min=10.6 -arch x86_64  -fno-rtti -fno-exceptions conftest.c >&5
configure:8832: $? = 0
configure:8845: result: yes
configure:9172: checking for gcc option to produce PIC
configure:9179: result: -fno-common -DPIC
configure:9187: checking if gcc PIC flag -fno-common -DPIC works
configure:9205: gcc -c -isysroot /Applications/Xcode.app/Contents/Developer/Platforms/MacOSX.platform/Developer/SDKs/MacOSX10.11.sdk -Os -mmacosx-version-min=10.6 -arch x86_64  -fno-common -DPIC -DPIC conftest.c >&5
configure:9209: $? = 0
configure:9222: result: yes
configure:9251: checking if gcc static flag -static works
configure:9279: result: no
configure:9294: checking if gcc supports -c -o file.o
configure:9315: gcc -c -isysroot /Applications/Xcode.app/Contents/Developer/Platforms/MacOSX.platform/Developer/SDKs/MacOSX10.11.sdk -Os -mmacosx-version-min=10.6 -arch x86_64  -o out/conftest2.o conftest.c >&5
configure:9319: $? = 0
configure:9341: result: yes
configure:9349: checking if gcc supports -c -o file.o
configure:9396: result: yes
configure:9429: checking whether the gcc linker (/Applications/Xcode.app/Contents/Developer/Toolchains/XcodeDefault.xctoolchain/usr/bin/ld) supports shared libraries
configure:10582: result: yes
configure:10822: checking dynamic linker characteristics
configure:11568: result: darwin dyld
configure:11675: checking how to hardcode library paths into programs
configure:11700: result: immediate
configure:12240: checking whether stripping libraries is possible
configure:12254: result: yes
configure:12280: checking if libtool supports shared libraries
configure:12282: result: yes
configure:12285: checking whether to build shared libraries
configure:12306: result: no
configure:12309: checking whether to build static libraries
configure:12313: result: yes
configure:12393: checking for windres
configure:12423: result: no
configure:12624: checking whether time.h and sys/time.h may both be included
configure:12644: gcc -c -isysroot /Applications/Xcode.app/Contents/Developer/Platforms/MacOSX.platform/Developer/SDKs/MacOSX10.11.sdk -Os -mmacosx-version-min=10.6 -arch x86_64  conftest.c >&5
configure:12644: $? = 0
configure:12651: result: yes
configure:12665: checking for sys/time.h
configure:12665: gcc -c -isysroot /Applications/Xcode.app/Contents/Developer/Platforms/MacOSX.platform/Developer/SDKs/MacOSX10.11.sdk -Os -mmacosx-version-min=10.6 -arch x86_64  conftest.c >&5
configure:12665: $? = 0
configure:12665: result: yes
configure:12665: checking for unistd.h
configure:12665: result: yes
configure:12686: checking for alarm
configure:12686: gcc -o conftest -isysroot /Applications/Xcode.app/Contents/Developer/Platforms/MacOSX.platform/Developer/SDKs/MacOSX10.11.sdk -Os -mmacosx-version-min=10.6 -arch x86_64   conftest.c  >&5
configure:12686: $? = 0
configure:12686: result: yes
configure:12699: checking for working mktime
configure:12901: gcc -o conftest -isysroot /Applications/Xcode.app/Contents/Developer/Platforms/MacOSX.platform/Developer/SDKs/MacOSX10.11.sdk -Os -mmacosx-version-min=10.6 -arch x86_64   conftest.c  >&5
configure:12901: $? = 0
configure:12901: ./conftest
configure:12901: $? = 1
configure: program exited with status 1
configure: failed program was:
| /* confdefs.h */
| #define PACKAGE_NAME "pkcs11-helper"
| #define PACKAGE_TARNAME "pkcs11-helper"
| #define PACKAGE_VERSION "1.11"
| #define PACKAGE_STRING "pkcs11-helper 1.11"
| #define PACKAGE_BUGREPORT ""
| #define PACKAGE_URL ""
| #define PACKAGE "pkcs11-helper"
| #define VERSION "1.11"
| #define TEST_PROVIDER "/usr/lib/pkcs11/provider.so"
| #define TEST_LOG_LEVEL 3
| #define STDC_HEADERS 1
| #define HAVE_SYS_TYPES_H 1
| #define HAVE_SYS_STAT_H 1
| #define HAVE_STDLIB_H 1
| #define HAVE_STRING_H 1
| #define HAVE_MEMORY_H 1
| #define HAVE_STRINGS_H 1
| #define HAVE_INTTYPES_H 1
| #define HAVE_STDINT_H 1
| #define HAVE_UNISTD_H 1
| #define HAVE_DLFCN_H 1
| #define LT_OBJDIR ".libs/"
| #define TIME_WITH_SYS_TIME 1
| #define HAVE_SYS_TIME_H 1
| #define HAVE_UNISTD_H 1
| #define HAVE_ALARM 1
| /* end confdefs.h.  */
| /* Test program from Paul Eggert and Tony Leneis.  */
| #ifdef TIME_WITH_SYS_TIME
| # include <sys/time.h>
| # include <time.h>
| #else
| # ifdef HAVE_SYS_TIME_H
| #  include <sys/time.h>
| # else
| #  include <time.h>
| # endif
| #endif
| 
| #include <limits.h>
| #include <stdlib.h>
| 
| #ifdef HAVE_UNISTD_H
| # include <unistd.h>
| #endif
| 
| #ifndef HAVE_ALARM
| # define alarm(X) /* empty */
| #endif
| 
| /* Work around redefinition to rpl_putenv by other config tests.  */
| #undef putenv
| 
| static time_t time_t_max;
| static time_t time_t_min;
| 
| /* Values we'll use to set the TZ environment variable.  */
| static const char *tz_strings[] = {
|   (const char *) 0, "TZ=GMT0", "TZ=JST-9",
|   "TZ=EST+3EDT+2,M10.1.0/00:00:00,M2.3.0/00:00:00"
| };
| #define N_STRINGS (sizeof (tz_strings) / sizeof (tz_strings[0]))
| 
| /* Return 0 if mktime fails to convert a date in the spring-forward gap.
|    Based on a problem report from Andreas Jaeger.  */
| static int
| spring_forward_gap ()
| {
|   /* glibc (up to about 1998-10-07) failed this test. */
|   struct tm tm;
| 
|   /* Use the portable POSIX.1 specification "TZ=PST8PDT,M4.1.0,M10.5.0"
|      instead of "TZ=America/Vancouver" in order to detect the bug even
|      on systems that don't support the Olson extension, or don't have the
|      full zoneinfo tables installed.  */
|   putenv ((char*) "TZ=PST8PDT,M4.1.0,M10.5.0");
| 
|   tm.tm_year = 98;
|   tm.tm_mon = 3;
|   tm.tm_mday = 5;
|   tm.tm_hour = 2;
|   tm.tm_min = 0;
|   tm.tm_sec = 0;
|   tm.tm_isdst = -1;
|   return mktime (&tm) != (time_t) -1;
| }
| 
| static int
| mktime_test1 (time_t now)
| {
|   struct tm *lt;
|   return ! (lt = localtime (&now)) || mktime (lt) == now;
| }
| 
| static int
| mktime_test (time_t now)
| {
|   return (mktime_test1 (now)
| 	  && mktime_test1 ((time_t) (time_t_max - now))
| 	  && mktime_test1 ((time_t) (time_t_min + now)));
| }
| 
| static int
| irix_6_4_bug ()
| {
|   /* Based on code from Ariel Faigon.  */
|   struct tm tm;
|   tm.tm_year = 96;
|   tm.tm_mon = 3;
|   tm.tm_mday = 0;
|   tm.tm_hour = 0;
|   tm.tm_min = 0;
|   tm.tm_sec = 0;
|   tm.tm_isdst = -1;
|   mktime (&tm);
|   return tm.tm_mon == 2 && tm.tm_mday == 31;
| }
| 
| static int
| bigtime_test (int j)
| {
|   struct tm tm;
|   time_t now;
|   tm.tm_year = tm.tm_mon = tm.tm_mday = tm.tm_hour = tm.tm_min = tm.tm_sec = j;
|   now = mktime (&tm);
|   if (now != (time_t) -1)
|     {
|       struct tm *lt = localtime (&now);
|       if (! (lt
| 	     && lt->tm_year == tm.tm_year
| 	     && lt->tm_mon == tm.tm_mon
| 	     && lt->tm_mday == tm.tm_mday
| 	     && lt->tm_hour == tm.tm_hour
| 	     && lt->tm_min == tm.tm_min
| 	     && lt->tm_sec == tm.tm_sec
| 	     && lt->tm_yday == tm.tm_yday
| 	     && lt->tm_wday == tm.tm_wday
| 	     && ((lt->tm_isdst < 0 ? -1 : 0 < lt->tm_isdst)
| 		  == (tm.tm_isdst < 0 ? -1 : 0 < tm.tm_isdst))))
| 	return 0;
|     }
|   return 1;
| }
| 
| static int
| year_2050_test ()
| {
|   /* The correct answer for 2050-02-01 00:00:00 in Pacific time,
|      ignoring leap seconds.  */
|   unsigned long int answer = 2527315200UL;
| 
|   struct tm tm;
|   time_t t;
|   tm.tm_year = 2050 - 1900;
|   tm.tm_mon = 2 - 1;
|   tm.tm_mday = 1;
|   tm.tm_hour = tm.tm_min = tm.tm_sec = 0;
|   tm.tm_isdst = -1;
| 
|   /* Use the portable POSIX.1 specification "TZ=PST8PDT,M4.1.0,M10.5.0"
|      instead of "TZ=America/Vancouver" in order to detect the bug even
|      on systems that don't support the Olson extension, or don't have the
|      full zoneinfo tables installed.  */
|   putenv ((char*) "TZ=PST8PDT,M4.1.0,M10.5.0");
| 
|   t = mktime (&tm);
| 
|   /* Check that the result is either a failure, or close enough
|      to the correct answer that we can assume the discrepancy is
|      due to leap seconds.  */
|   return (t == (time_t) -1
| 	  || (0 < t && answer - 120 <= t && t <= answer + 120));
| }
| 
| int
| main ()
| {
|   time_t t, delta;
|   int i, j;
| 
|   /* This test makes some buggy mktime implementations loop.
|      Give up after 60 seconds; a mktime slower than that
|      isn't worth using anyway.  */
|   alarm (60);
| 
|   for (;;)
|     {
|       t = (time_t_max << 1) + 1;
|       if (t <= time_t_max)
| 	break;
|       time_t_max = t;
|     }
|   time_t_min = - ((time_t) ~ (time_t) 0 == (time_t) -1) - time_t_max;
| 
|   delta = time_t_max / 997; /* a suitable prime number */
|   for (i = 0; i < N_STRINGS; i++)
|     {
|       if (tz_strings[i])
| 	putenv ((char*) tz_strings[i]);
| 
|       for (t = 0; t <= time_t_max - delta; t += delta)
| 	if (! mktime_test (t))
| 	  return 1;
|       if (! (mktime_test ((time_t) 1)
| 	     && mktime_test ((time_t) (60 * 60))
| 	     && mktime_test ((time_t) (60 * 60 * 24))))
| 	return 1;
| 
|       for (j = 1; ; j <<= 1)
| 	if (! bigtime_test (j))
| 	  return 1;
| 	else if (INT_MAX / 2 < j)
| 	  break;
|       if (! bigtime_test (INT_MAX))
| 	return 1;
|     }
|   return ! (irix_6_4_bug () && spring_forward_gap () && year_2050_test ());
| }
configure:12911: result: no
configure:12924: checking for vprintf
configure:12924: gcc -o conftest -isysroot /Applications/Xcode.app/Contents/Developer/Platforms/MacOSX.platform/Developer/SDKs/MacOSX10.11.sdk -Os -mmacosx-version-min=10.6 -arch x86_64   conftest.c  >&5
conftest.c:52:6: warning: incompatible redeclaration of library function 'vprintf' [-Wincompatible-library-redeclaration]
char vprintf ();
     ^
conftest.c:52:6: note: 'vprintf' is a builtin with type 'int (const char *, struct __va_list_tag *)'
1 warning generated.
configure:12924: $? = 0
configure:12924: result: yes
configure:12930: checking for _doprnt
configure:12930: gcc -o conftest -isysroot /Applications/Xcode.app/Contents/Developer/Platforms/MacOSX.platform/Developer/SDKs/MacOSX10.11.sdk -Os -mmacosx-version-min=10.6 -arch x86_64   conftest.c  >&5
Undefined symbols for architecture x86_64:
  "__doprnt", referenced from:
      _main in conftest-74f236.o
ld: symbol(s) not found for architecture x86_64
clang: error: linker command failed with exit code 1 (use -v to see invocation)
configure:12930: $? = 1
configure: failed program was:
| /* confdefs.h */
| #define PACKAGE_NAME "pkcs11-helper"
| #define PACKAGE_TARNAME "pkcs11-helper"
| #define PACKAGE_VERSION "1.11"
| #define PACKAGE_STRING "pkcs11-helper 1.11"
| #define PACKAGE_BUGREPORT ""
| #define PACKAGE_URL ""
| #define PACKAGE "pkcs11-helper"
| #define VERSION "1.11"
| #define TEST_PROVIDER "/usr/lib/pkcs11/provider.so"
| #define TEST_LOG_LEVEL 3
| #define STDC_HEADERS 1
| #define HAVE_SYS_TYPES_H 1
| #define HAVE_SYS_STAT_H 1
| #define HAVE_STDLIB_H 1
| #define HAVE_STRING_H 1
| #define HAVE_MEMORY_H 1
| #define HAVE_STRINGS_H 1
| #define HAVE_INTTYPES_H 1
| #define HAVE_STDINT_H 1
| #define HAVE_UNISTD_H 1
| #define HAVE_DLFCN_H 1
| #define LT_OBJDIR ".libs/"
| #define TIME_WITH_SYS_TIME 1
| #define HAVE_SYS_TIME_H 1
| #define HAVE_UNISTD_H 1
| #define HAVE_ALARM 1
| #define HAVE_VPRINTF 1
| /* end confdefs.h.  */
| /* Define _doprnt to an innocuous variant, in case <limits.h> declares _doprnt.
|    For example, HP-UX 11i <limits.h> declares gettimeofday.  */
| #define _doprnt innocuous__doprnt
| 
| /* System header to define __stub macros and hopefully few prototypes,
|     which can conflict with char _doprnt (); below.
|     Prefer <limits.h> to <assert.h> if __STDC__ is defined, since
|     <limits.h> exists even on freestanding compilers.  */
| 
| #ifdef __STDC__
| # include <limits.h>
| #else
| # include <assert.h>
| #endif
| 
| #undef _doprnt
| 
| /* Override any GCC internal prototype to avoid an error.
|    Use char because int might match the return type of a GCC
|    builtin and then its argument prototype would still apply.  */
| #ifdef __cplusplus
| extern "C"
| #endif
| char _doprnt ();
| /* The GNU C library defines this for functions which it implements
|     to always fail with ENOSYS.  Some functions are actually named
|     something starting with __ and the normal name is an alias.  */
| #if defined __stub__doprnt || defined __stub____doprnt
| choke me
| #endif
| 
| int
| main ()
| {
| return _doprnt ();
|   ;
|   return 0;
| }
configure:12930: result: no
configure:12947: checking for gettimeofday
configure:12947: gcc -o conftest -isysroot /Applications/Xcode.app/Contents/Developer/Platforms/MacOSX.platform/Developer/SDKs/MacOSX10.11.sdk -Os -mmacosx-version-min=10.6 -arch x86_64   conftest.c  >&5
configure:12947: $? = 0
configure:12947: result: yes
configure:12947: checking for memmove
configure:12947: gcc -o conftest -isysroot /Applications/Xcode.app/Contents/Developer/Platforms/MacOSX.platform/Developer/SDKs/MacOSX10.11.sdk -Os -mmacosx-version-min=10.6 -arch x86_64   conftest.c  >&5
conftest.c:54:6: warning: incompatible redeclaration of library function 'memmove' [-Wincompatible-library-redeclaration]
char memmove ();
     ^
conftest.c:54:6: note: 'memmove' is a builtin with type 'void *(void *, const void *, unsigned long)'
1 warning generated.
configure:12947: $? = 0
configure:12947: result: yes
configure:12947: checking for memset
configure:12947: gcc -o conftest -isysroot /Applications/Xcode.app/Contents/Developer/Platforms/MacOSX.platform/Developer/SDKs/MacOSX10.11.sdk -Os -mmacosx-version-min=10.6 -arch x86_64   conftest.c  >&5
conftest.c:55:6: warning: incompatible redeclaration of library function 'memset' [-Wincompatible-library-redeclaration]
char memset ();
     ^
conftest.c:55:6: note: 'memset' is a builtin with type 'void *(void *, int, unsigned long)'
1 warning generated.
configure:12947: $? = 0
configure:12947: result: yes
configure:12947: checking for socket
configure:12947: gcc -o conftest -isysroot /Applications/Xcode.app/Contents/Developer/Platforms/MacOSX.platform/Developer/SDKs/MacOSX10.11.sdk -Os -mmacosx-version-min=10.6 -arch x86_64   conftest.c  >&5
configure:12947: $? = 0
configure:12947: result: yes
configure:12947: checking for strchr
configure:12947: gcc -o conftest -isysroot /Applications/Xcode.app/Contents/Developer/Platforms/MacOSX.platform/Developer/SDKs/MacOSX10.11.sdk -Os -mmacosx-version-min=10.6 -arch x86_64   conftest.c  >&5
conftest.c:57:6: warning: incompatible redeclaration of library function 'strchr' [-Wincompatible-library-redeclaration]
char strchr ();
     ^
conftest.c:57:6: note: 'strchr' is a builtin with type 'char *(const char *, int)'
1 warning generated.
configure:12947: $? = 0
configure:12947: result: yes
configure:12947: checking for strdup
configure:12947: gcc -o conftest -isysroot /Applications/Xcode.app/Contents/Developer/Platforms/MacOSX.platform/Developer/SDKs/MacOSX10.11.sdk -Os -mmacosx-version-min=10.6 -arch x86_64   conftest.c  >&5
conftest.c:58:6: warning: incompatible redeclaration of library function 'strdup' [-Wincompatible-library-redeclaration]
char strdup ();
     ^
conftest.c:58:6: note: 'strdup' is a builtin with type 'char *(const char *)'
1 warning generated.
configure:12947: $? = 0
configure:12947: result: yes
configure:12947: checking for strerror
configure:12947: gcc -o conftest -isysroot /Applications/Xcode.app/Contents/Developer/Platforms/MacOSX.platform/Developer/SDKs/MacOSX10.11.sdk -Os -mmacosx-version-min=10.6 -arch x86_64   conftest.c  >&5
conftest.c:59:6: warning: incompatible redeclaration of library function 'strerror' [-Wincompatible-library-redeclaration]
char strerror ();
     ^
conftest.c:59:6: note: 'strerror' is a builtin with type 'char *(int)'
1 warning generated.
configure:12947: $? = 0
configure:12947: result: yes
configure:12947: checking for strrchr
configure:12947: gcc -o conftest -isysroot /Applications/Xcode.app/Contents/Developer/Platforms/MacOSX.platform/Developer/SDKs/MacOSX10.11.sdk -Os -mmacosx-version-min=10.6 -arch x86_64   conftest.c  >&5
conftest.c:60:6: warning: incompatible redeclaration of library function 'strrchr' [-Wincompatible-library-redeclaration]
char strrchr ();
     ^
conftest.c:60:6: note: 'strrchr' is a builtin with type 'char *(const char *, int)'
1 warning generated.
configure:12947: $? = 0
configure:12947: result: yes
configure:12947: checking for snprintf
configure:12947: gcc -o conftest -isysroot /Applications/Xcode.app/Contents/Developer/Platforms/MacOSX.platform/Developer/SDKs/MacOSX10.11.sdk -Os -mmacosx-version-min=10.6 -arch x86_64   conftest.c  >&5
conftest.c:61:6: warning: incompatible redeclaration of library function 'snprintf' [-Wincompatible-library-redeclaration]
char snprintf ();
     ^
conftest.c:61:6: note: 'snprintf' is a builtin with type 'int (char *, unsigned long, const char *, ...)'
1 warning generated.
configure:12947: $? = 0
configure:12947: result: yes
configure:12958: checking for dlopen in -ldl
configure:12983: gcc -o conftest -isysroot /Applications/Xcode.app/Contents/Developer/Platforms/MacOSX.platform/Developer/SDKs/MacOSX10.11.sdk -Os -mmacosx-version-min=10.6 -arch x86_64   conftest.c -ldl   >&5
configure:12983: $? = 0
configure:12992: result: yes
configure:13054: checking for OPENSSL
configure:13119: result: yes
configure:13200: checking for ECDSA_METHOD_new
configure:13200: gcc -o conftest -isysroot /Applications/Xcode.app/Contents/Developer/Platforms/MacOSX.platform/Developer/SDKs/MacOSX10.11.sdk -Os -mmacosx-version-min=10.6 -arch x86_64   conftest.c -ldl  -L/Users/Jean/Dropbox/Website/openVPN/third_party/build/staging/openssl-1.0.2h/lib 	              -lssl 	              -lcrypto 	              -lz >&5
configure:13200: $? = 0
configure:13200: result: yes
configure:13257: checking for OpenSSL ec support
configure:13259: result: yes
configure:13265: checking for GNUTLS
configure:13272: $PKG_CONFIG --exists --print-errors "gnutls >= 1.4"
Package gnutls was not found in the pkg-config search path.
Perhaps you should add the directory containing `gnutls.pc'
to the PKG_CONFIG_PATH environment variable
No package 'gnutls' found
configure:13275: $? = 1
configure:13289: $PKG_CONFIG --exists --print-errors "gnutls >= 1.4"
Package gnutls was not found in the pkg-config search path.
Perhaps you should add the directory containing `gnutls.pc'
to the PKG_CONFIG_PATH environment variable
No package 'gnutls' found
configure:13292: $? = 1
configure:13306: result: no
No package 'gnutls' found
configure:13336: checking for NSS
configure:13343: $PKG_CONFIG --exists --print-errors "nss >= 3.11"
Package nss was not found in the pkg-config search path.
Perhaps you should add the directory containing `nss.pc'
to the PKG_CONFIG_PATH environment variable
No package 'nss' found
configure:13346: $? = 1
configure:13360: $PKG_CONFIG --exists --print-errors "nss >= 3.11"
Package nss was not found in the pkg-config search path.
Perhaps you should add the directory containing `nss.pc'
to the PKG_CONFIG_PATH environment variable
No package 'nss' found
configure:13363: $? = 1
configure:13377: result: no
No package 'nss' found
configure:13409: checking for x509parse_crt in -lpolarssl
configure:13434: gcc -o conftest -isysroot /Applications/Xcode.app/Contents/Developer/Platforms/MacOSX.platform/Developer/SDKs/MacOSX10.11.sdk -Os -mmacosx-version-min=10.6 -arch x86_64   conftest.c -lpolarssl  -ldl  >&5
ld: library not found for -lpolarssl
clang: error: linker command failed with exit code 1 (use -v to see invocation)
configure:13434: $? = 1
configure: failed program was:
| /* confdefs.h */
| #define PACKAGE_NAME "pkcs11-helper"
| #define PACKAGE_TARNAME "pkcs11-helper"
| #define PACKAGE_VERSION "1.11"
| #define PACKAGE_STRING "pkcs11-helper 1.11"
| #define PACKAGE_BUGREPORT ""
| #define PACKAGE_URL ""
| #define PACKAGE "pkcs11-helper"
| #define VERSION "1.11"
| #define TEST_PROVIDER "/usr/lib/pkcs11/provider.so"
| #define TEST_LOG_LEVEL 3
| #define STDC_HEADERS 1
| #define HAVE_SYS_TYPES_H 1
| #define HAVE_SYS_STAT_H 1
| #define HAVE_STDLIB_H 1
| #define HAVE_STRING_H 1
| #define HAVE_MEMORY_H 1
| #define HAVE_STRINGS_H 1
| #define HAVE_INTTYPES_H 1
| #define HAVE_STDINT_H 1
| #define HAVE_UNISTD_H 1
| #define HAVE_DLFCN_H 1
| #define LT_OBJDIR ".libs/"
| #define TIME_WITH_SYS_TIME 1
| #define HAVE_SYS_TIME_H 1
| #define HAVE_UNISTD_H 1
| #define HAVE_ALARM 1
| #define HAVE_VPRINTF 1
| #define HAVE_GETTIMEOFDAY 1
| #define HAVE_MEMMOVE 1
| #define HAVE_MEMSET 1
| #define HAVE_SOCKET 1
| #define HAVE_STRCHR 1
| #define HAVE_STRDUP 1
| #define HAVE_STRERROR 1
| #define HAVE_STRRCHR 1
| #define HAVE_SNPRINTF 1
| #define HAVE_LIBDL 1
| #define ENABLE_PKCS11H_OPENSSL_EC 1
| /* end confdefs.h.  */
| 
| /* Override any GCC internal prototype to avoid an error.
|    Use char because int might match the return type of a GCC
|    builtin and then its argument prototype would still apply.  */
| #ifdef __cplusplus
| extern "C"
| #endif
| char x509parse_crt ();
| int
| main ()
| {
| return x509parse_crt ();
|   ;
|   return 0;
| }
configure:13443: result: no
configure:13460: checking for ANSI C header files
configure:13564: result: yes
configure:13572: checking for ISO C 1999 vararg macro support
configure:13581: gcc -c -isysroot /Applications/Xcode.app/Contents/Developer/Platforms/MacOSX.platform/Developer/SDKs/MacOSX10.11.sdk -Os -mmacosx-version-min=10.6 -arch x86_64  conftest.c >&5
configure:13581: $? = 0
configure:13588: result: yes
configure:13596: checking for GNU GCC vararg macro support
configure:13605: gcc -c -isysroot /Applications/Xcode.app/Contents/Developer/Platforms/MacOSX.platform/Developer/SDKs/MacOSX10.11.sdk -Os -mmacosx-version-min=10.6 -arch x86_64  conftest.c >&5
configure:13605: $? = 0
configure:13612: result: yes
configure:13620: checking for an ANSI C-conforming const
configure:13686: gcc -c -isysroot /Applications/Xcode.app/Contents/Developer/Platforms/MacOSX.platform/Developer/SDKs/MacOSX10.11.sdk -Os -mmacosx-version-min=10.6 -arch x86_64  conftest.c >&5
configure:13686: $? = 0
configure:13693: result: yes
configure:13701: checking for working volatile
configure:13720: gcc -c -isysroot /Applications/Xcode.app/Contents/Developer/Platforms/MacOSX.platform/Developer/SDKs/MacOSX10.11.sdk -Os -mmacosx-version-min=10.6 -arch x86_64  conftest.c >&5
configure:13720: $? = 0
configure:13727: result: yes
configure:13735: checking for off_t
configure:13735: gcc -c -isysroot /Applications/Xcode.app/Contents/Developer/Platforms/MacOSX.platform/Developer/SDKs/MacOSX10.11.sdk -Os -mmacosx-version-min=10.6 -arch x86_64  conftest.c >&5
configure:13735: $? = 0
configure:13735: gcc -c -isysroot /Applications/Xcode.app/Contents/Developer/Platforms/MacOSX.platform/Developer/SDKs/MacOSX10.11.sdk -Os -mmacosx-version-min=10.6 -arch x86_64  conftest.c >&5
conftest.c:80:20: error: expected expression
if (sizeof ((off_t)))
                   ^
1 error generated.
configure:13735: $? = 1
configure: failed program was:
| /* confdefs.h */
| #define PACKAGE_NAME "pkcs11-helper"
| #define PACKAGE_TARNAME "pkcs11-helper"
| #define PACKAGE_VERSION "1.11"
| #define PACKAGE_STRING "pkcs11-helper 1.11"
| #define PACKAGE_BUGREPORT ""
| #define PACKAGE_URL ""
| #define PACKAGE "pkcs11-helper"
| #define VERSION "1.11"
| #define TEST_PROVIDER "/usr/lib/pkcs11/provider.so"
| #define TEST_LOG_LEVEL 3
| #define STDC_HEADERS 1
| #define HAVE_SYS_TYPES_H 1
| #define HAVE_SYS_STAT_H 1
| #define HAVE_STDLIB_H 1
| #define HAVE_STRING_H 1
| #define HAVE_MEMORY_H 1
| #define HAVE_STRINGS_H 1
| #define HAVE_INTTYPES_H 1
| #define HAVE_STDINT_H 1
| #define HAVE_UNISTD_H 1
| #define HAVE_DLFCN_H 1
| #define LT_OBJDIR ".libs/"
| #define TIME_WITH_SYS_TIME 1
| #define HAVE_SYS_TIME_H 1
| #define HAVE_UNISTD_H 1
| #define HAVE_ALARM 1
| #define HAVE_VPRINTF 1
| #define HAVE_GETTIMEOFDAY 1
| #define HAVE_MEMMOVE 1
| #define HAVE_MEMSET 1
| #define HAVE_SOCKET 1
| #define HAVE_STRCHR 1
| #define HAVE_STRDUP 1
| #define HAVE_STRERROR 1
| #define HAVE_STRRCHR 1
| #define HAVE_SNPRINTF 1
| #define HAVE_LIBDL 1
| #define ENABLE_PKCS11H_OPENSSL_EC 1
| #define STDC_HEADERS 1
| #define HAVE_CPP_VARARG_MACRO_ISO 1
| #define HAVE_CPP_VARARG_MACRO_GCC 1
| /* end confdefs.h.  */
| #include <stdio.h>
| #ifdef HAVE_SYS_TYPES_H
| # include <sys/types.h>
| #endif
| #ifdef HAVE_SYS_STAT_H
| # include <sys/stat.h>
| #endif
| #ifdef STDC_HEADERS
| # include <stdlib.h>
| # include <stddef.h>
| #else
| # ifdef HAVE_STDLIB_H
| #  include <stdlib.h>
| # endif
| #endif
| #ifdef HAVE_STRING_H
| # if !defined STDC_HEADERS && defined HAVE_MEMORY_H
| #  include <memory.h>
| # endif
| # include <string.h>
| #endif
| #ifdef HAVE_STRINGS_H
| # include <strings.h>
| #endif
| #ifdef HAVE_INTTYPES_H
| # include <inttypes.h>
| #endif
| #ifdef HAVE_STDINT_H
| # include <stdint.h>
| #endif
| #ifdef HAVE_UNISTD_H
| # include <unistd.h>
| #endif
| int
| main ()
| {
| if (sizeof ((off_t)))
| 	    return 0;
|   ;
|   return 0;
| }
configure:13735: result: yes
configure:13746: checking for pid_t
configure:13746: gcc -c -isysroot /Applications/Xcode.app/Contents/Developer/Platforms/MacOSX.platform/Developer/SDKs/MacOSX10.11.sdk -Os -mmacosx-version-min=10.6 -arch x86_64  conftest.c >&5
configure:13746: $? = 0
configure:13746: gcc -c -isysroot /Applications/Xcode.app/Contents/Developer/Platforms/MacOSX.platform/Developer/SDKs/MacOSX10.11.sdk -Os -mmacosx-version-min=10.6 -arch x86_64  conftest.c >&5
conftest.c:80:20: error: expected expression
if (sizeof ((pid_t)))
                   ^
1 error generated.
configure:13746: $? = 1
configure: failed program was:
| /* confdefs.h */
| #define PACKAGE_NAME "pkcs11-helper"
| #define PACKAGE_TARNAME "pkcs11-helper"
| #define PACKAGE_VERSION "1.11"
| #define PACKAGE_STRING "pkcs11-helper 1.11"
| #define PACKAGE_BUGREPORT ""
| #define PACKAGE_URL ""
| #define PACKAGE "pkcs11-helper"
| #define VERSION "1.11"
| #define TEST_PROVIDER "/usr/lib/pkcs11/provider.so"
| #define TEST_LOG_LEVEL 3
| #define STDC_HEADERS 1
| #define HAVE_SYS_TYPES_H 1
| #define HAVE_SYS_STAT_H 1
| #define HAVE_STDLIB_H 1
| #define HAVE_STRING_H 1
| #define HAVE_MEMORY_H 1
| #define HAVE_STRINGS_H 1
| #define HAVE_INTTYPES_H 1
| #define HAVE_STDINT_H 1
| #define HAVE_UNISTD_H 1
| #define HAVE_DLFCN_H 1
| #define LT_OBJDIR ".libs/"
| #define TIME_WITH_SYS_TIME 1
| #define HAVE_SYS_TIME_H 1
| #define HAVE_UNISTD_H 1
| #define HAVE_ALARM 1
| #define HAVE_VPRINTF 1
| #define HAVE_GETTIMEOFDAY 1
| #define HAVE_MEMMOVE 1
| #define HAVE_MEMSET 1
| #define HAVE_SOCKET 1
| #define HAVE_STRCHR 1
| #define HAVE_STRDUP 1
| #define HAVE_STRERROR 1
| #define HAVE_STRRCHR 1
| #define HAVE_SNPRINTF 1
| #define HAVE_LIBDL 1
| #define ENABLE_PKCS11H_OPENSSL_EC 1
| #define STDC_HEADERS 1
| #define HAVE_CPP_VARARG_MACRO_ISO 1
| #define HAVE_CPP_VARARG_MACRO_GCC 1
| /* end confdefs.h.  */
| #include <stdio.h>
| #ifdef HAVE_SYS_TYPES_H
| # include <sys/types.h>
| #endif
| #ifdef HAVE_SYS_STAT_H
| # include <sys/stat.h>
| #endif
| #ifdef STDC_HEADERS
| # include <stdlib.h>
| # include <stddef.h>
| #else
| # ifdef HAVE_STDLIB_H
| #  include <stdlib.h>
| # endif
| #endif
| #ifdef HAVE_STRING_H
| # if !defined STDC_HEADERS && defined HAVE_MEMORY_H
| #  include <memory.h>
| # endif
| # include <string.h>
| #endif
| #ifdef HAVE_STRINGS_H
| # include <strings.h>
| #endif
| #ifdef HAVE_INTTYPES_H
| # include <inttypes.h>
| #endif
| #ifdef HAVE_STDINT_H
| # include <stdint.h>
| #endif
| #ifdef HAVE_UNISTD_H
| # include <unistd.h>
| #endif
| int
| main ()
| {
| if (sizeof ((pid_t)))
| 	    return 0;
|   ;
|   return 0;
| }
configure:13746: result: yes
configure:13757: checking for size_t
configure:13757: gcc -c -isysroot /Applications/Xcode.app/Contents/Developer/Platforms/MacOSX.platform/Developer/SDKs/MacOSX10.11.sdk -Os -mmacosx-version-min=10.6 -arch x86_64  conftest.c >&5
configure:13757: $? = 0
configure:13757: gcc -c -isysroot /Applications/Xcode.app/Contents/Developer/Platforms/MacOSX.platform/Developer/SDKs/MacOSX10.11.sdk -Os -mmacosx-version-min=10.6 -arch x86_64  conftest.c >&5
conftest.c:80:21: error: expected expression
if (sizeof ((size_t)))
                    ^
1 error generated.
configure:13757: $? = 1
configure: failed program was:
| /* confdefs.h */
| #define PACKAGE_NAME "pkcs11-helper"
| #define PACKAGE_TARNAME "pkcs11-helper"
| #define PACKAGE_VERSION "1.11"
| #define PACKAGE_STRING "pkcs11-helper 1.11"
| #define PACKAGE_BUGREPORT ""
| #define PACKAGE_URL ""
| #define PACKAGE "pkcs11-helper"
| #define VERSION "1.11"
| #define TEST_PROVIDER "/usr/lib/pkcs11/provider.so"
| #define TEST_LOG_LEVEL 3
| #define STDC_HEADERS 1
| #define HAVE_SYS_TYPES_H 1
| #define HAVE_SYS_STAT_H 1
| #define HAVE_STDLIB_H 1
| #define HAVE_STRING_H 1
| #define HAVE_MEMORY_H 1
| #define HAVE_STRINGS_H 1
| #define HAVE_INTTYPES_H 1
| #define HAVE_STDINT_H 1
| #define HAVE_UNISTD_H 1
| #define HAVE_DLFCN_H 1
| #define LT_OBJDIR ".libs/"
| #define TIME_WITH_SYS_TIME 1
| #define HAVE_SYS_TIME_H 1
| #define HAVE_UNISTD_H 1
| #define HAVE_ALARM 1
| #define HAVE_VPRINTF 1
| #define HAVE_GETTIMEOFDAY 1
| #define HAVE_MEMMOVE 1
| #define HAVE_MEMSET 1
| #define HAVE_SOCKET 1
| #define HAVE_STRCHR 1
| #define HAVE_STRDUP 1
| #define HAVE_STRERROR 1
| #define HAVE_STRRCHR 1
| #define HAVE_SNPRINTF 1
| #define HAVE_LIBDL 1
| #define ENABLE_PKCS11H_OPENSSL_EC 1
| #define STDC_HEADERS 1
| #define HAVE_CPP_VARARG_MACRO_ISO 1
| #define HAVE_CPP_VARARG_MACRO_GCC 1
| /* end confdefs.h.  */
| #include <stdio.h>
| #ifdef HAVE_SYS_TYPES_H
| # include <sys/types.h>
| #endif
| #ifdef HAVE_SYS_STAT_H
| # include <sys/stat.h>
| #endif
| #ifdef STDC_HEADERS
| # include <stdlib.h>
| # include <stddef.h>
| #else
| # ifdef HAVE_STDLIB_H
| #  include <stdlib.h>
| # endif
| #endif
| #ifdef HAVE_STRING_H
| # if !defined STDC_HEADERS && defined HAVE_MEMORY_H
| #  include <memory.h>
| # endif
| # include <string.h>
| #endif
| #ifdef HAVE_STRINGS_H
| # include <strings.h>
| #endif
| #ifdef HAVE_INTTYPES_H
| # include <inttypes.h>
| #endif
| #ifdef HAVE_STDINT_H
| # include <stdint.h>
| #endif
| #ifdef HAVE_UNISTD_H
| # include <unistd.h>
| #endif
| int
| main ()
| {
| if (sizeof ((size_t)))
| 	    return 0;
|   ;
|   return 0;
| }
configure:13757: result: yes
configure:13768: checking whether time.h and sys/time.h may both be included
configure:13795: result: yes
configure:13803: checking whether struct tm is in sys/time.h or time.h
configure:13823: gcc -c -isysroot /Applications/Xcode.app/Contents/Developer/Platforms/MacOSX.platform/Developer/SDKs/MacOSX10.11.sdk -Os -mmacosx-version-min=10.6 -arch x86_64  conftest.c >&5
configure:13823: $? = 0
configure:13830: result: time.h
configure:13838: checking for size_t
configure:13838: result: yes
configure:13852: checking size of size_t
configure:13857: gcc -o conftest -isysroot /Applications/Xcode.app/Contents/Developer/Platforms/MacOSX.platform/Developer/SDKs/MacOSX10.11.sdk -Os -mmacosx-version-min=10.6 -arch x86_64   conftest.c -ldl  >&5
configure:13857: $? = 0
configure:13857: ./conftest
configure:13857: $? = 0
configure:13871: result: 8
configure:13880: checking size_t printf format
configure:13887: result: %016lx
configure:13906: checking stdio.h usability
configure:13906: gcc -c -isysroot /Applications/Xcode.app/Contents/Developer/Platforms/MacOSX.platform/Developer/SDKs/MacOSX10.11.sdk -Os -mmacosx-version-min=10.6 -arch x86_64  conftest.c >&5
configure:13906: $? = 0
configure:13906: result: yes
configure:13906: checking stdio.h presence
configure:13906: gcc -E  conftest.c
configure:13906: $? = 0
configure:13906: result: yes
configure:13906: checking for stdio.h
configure:13906: result: yes
configure:13906: checking for stdlib.h
configure:13906: result: yes
configure:13906: checking stdargs.h usability
configure:13906: gcc -c -isysroot /Applications/Xcode.app/Contents/Developer/Platforms/MacOSX.platform/Developer/SDKs/MacOSX10.11.sdk -Os -mmacosx-version-min=10.6 -arch x86_64  conftest.c >&5
conftest.c:82:10: fatal error: 'stdargs.h' file not found
#include <stdargs.h>
         ^
1 error generated.
configure:13906: $? = 1
configure: failed program was:
| /* confdefs.h */
| #define PACKAGE_NAME "pkcs11-helper"
| #define PACKAGE_TARNAME "pkcs11-helper"
| #define PACKAGE_VERSION "1.11"
| #define PACKAGE_STRING "pkcs11-helper 1.11"
| #define PACKAGE_BUGREPORT ""
| #define PACKAGE_URL ""
| #define PACKAGE "pkcs11-helper"
| #define VERSION "1.11"
| #define TEST_PROVIDER "/usr/lib/pkcs11/provider.so"
| #define TEST_LOG_LEVEL 3
| #define STDC_HEADERS 1
| #define HAVE_SYS_TYPES_H 1
| #define HAVE_SYS_STAT_H 1
| #define HAVE_STDLIB_H 1
| #define HAVE_STRING_H 1
| #define HAVE_MEMORY_H 1
| #define HAVE_STRINGS_H 1
| #define HAVE_INTTYPES_H 1
| #define HAVE_STDINT_H 1
| #define HAVE_UNISTD_H 1
| #define HAVE_DLFCN_H 1
| #define LT_OBJDIR ".libs/"
| #define TIME_WITH_SYS_TIME 1
| #define HAVE_SYS_TIME_H 1
| #define HAVE_UNISTD_H 1
| #define HAVE_ALARM 1
| #define HAVE_VPRINTF 1
| #define HAVE_GETTIMEOFDAY 1
| #define HAVE_MEMMOVE 1
| #define HAVE_MEMSET 1
| #define HAVE_SOCKET 1
| #define HAVE_STRCHR 1
| #define HAVE_STRDUP 1
| #define HAVE_STRERROR 1
| #define HAVE_STRRCHR 1
| #define HAVE_SNPRINTF 1
| #define HAVE_LIBDL 1
| #define ENABLE_PKCS11H_OPENSSL_EC 1
| #define STDC_HEADERS 1
| #define HAVE_CPP_VARARG_MACRO_ISO 1
| #define HAVE_CPP_VARARG_MACRO_GCC 1
| #define TIME_WITH_SYS_TIME 1
| #define SIZEOF_SIZE_T 8
| #define PRINTF_Z_FORMAT 		"%016lx"
| #define HAVE_STDIO_H 1
| #define HAVE_STDLIB_H 1
| /* end confdefs.h.  */
| #include <stdio.h>
| #ifdef HAVE_SYS_TYPES_H
| # include <sys/types.h>
| #endif
| #ifdef HAVE_SYS_STAT_H
| # include <sys/stat.h>
| #endif
| #ifdef STDC_HEADERS
| # include <stdlib.h>
| # include <stddef.h>
| #else
| # ifdef HAVE_STDLIB_H
| #  include <stdlib.h>
| # endif
| #endif
| #ifdef HAVE_STRING_H
| # if !defined STDC_HEADERS && defined HAVE_MEMORY_H
| #  include <memory.h>
| # endif
| # include <string.h>
| #endif
| #ifdef HAVE_STRINGS_H
| # include <strings.h>
| #endif
| #ifdef HAVE_INTTYPES_H
| # include <inttypes.h>
| #endif
| #ifdef HAVE_STDINT_H
| # include <stdint.h>
| #endif
| #ifdef HAVE_UNISTD_H
| # include <unistd.h>
| #endif
| #include <stdargs.h>
configure:13906: result: no
configure:13906: checking stdargs.h presence
configure:13906: gcc -E  conftest.c
conftest.c:49:10: fatal error: 'stdargs.h' file not found
#include <stdargs.h>
         ^
1 error generated.
configure:13906: $? = 1
configure: failed program was:
| /* confdefs.h */
| #define PACKAGE_NAME "pkcs11-helper"
| #define PACKAGE_TARNAME "pkcs11-helper"
| #define PACKAGE_VERSION "1.11"
| #define PACKAGE_STRING "pkcs11-helper 1.11"
| #define PACKAGE_BUGREPORT ""
| #define PACKAGE_URL ""
| #define PACKAGE "pkcs11-helper"
| #define VERSION "1.11"
| #define TEST_PROVIDER "/usr/lib/pkcs11/provider.so"
| #define TEST_LOG_LEVEL 3
| #define STDC_HEADERS 1
| #define HAVE_SYS_TYPES_H 1
| #define HAVE_SYS_STAT_H 1
| #define HAVE_STDLIB_H 1
| #define HAVE_STRING_H 1
| #define HAVE_MEMORY_H 1
| #define HAVE_STRINGS_H 1
| #define HAVE_INTTYPES_H 1
| #define HAVE_STDINT_H 1
| #define HAVE_UNISTD_H 1
| #define HAVE_DLFCN_H 1
| #define LT_OBJDIR ".libs/"
| #define TIME_WITH_SYS_TIME 1
| #define HAVE_SYS_TIME_H 1
| #define HAVE_UNISTD_H 1
| #define HAVE_ALARM 1
| #define HAVE_VPRINTF 1
| #define HAVE_GETTIMEOFDAY 1
| #define HAVE_MEMMOVE 1
| #define HAVE_MEMSET 1
| #define HAVE_SOCKET 1
| #define HAVE_STRCHR 1
| #define HAVE_STRDUP 1
| #define HAVE_STRERROR 1
| #define HAVE_STRRCHR 1
| #define HAVE_SNPRINTF 1
| #define HAVE_LIBDL 1
| #define ENABLE_PKCS11H_OPENSSL_EC 1
| #define STDC_HEADERS 1
| #define HAVE_CPP_VARARG_MACRO_ISO 1
| #define HAVE_CPP_VARARG_MACRO_GCC 1
| #define TIME_WITH_SYS_TIME 1
| #define SIZEOF_SIZE_T 8
| #define PRINTF_Z_FORMAT 		"%016lx"
| #define HAVE_STDIO_H 1
| #define HAVE_STDLIB_H 1
| /* end confdefs.h.  */
| #include <stdargs.h>
configure:13906: result: no
configure:13906: checking for stdargs.h
configure:13906: result: no
configure:13906: checking malloc.h usability
configure:13906: gcc -c -isysroot /Applications/Xcode.app/Contents/Developer/Platforms/MacOSX.platform/Developer/SDKs/MacOSX10.11.sdk -Os -mmacosx-version-min=10.6 -arch x86_64  conftest.c >&5
conftest.c:82:10: fatal error: 'malloc.h' file not found
#include <malloc.h>
         ^
1 error generated.
configure:13906: $? = 1
configure: failed program was:
| /* confdefs.h */
| #define PACKAGE_NAME "pkcs11-helper"
| #define PACKAGE_TARNAME "pkcs11-helper"
| #define PACKAGE_VERSION "1.11"
| #define PACKAGE_STRING "pkcs11-helper 1.11"
| #define PACKAGE_BUGREPORT ""
| #define PACKAGE_URL ""
| #define PACKAGE "pkcs11-helper"
| #define VERSION "1.11"
| #define TEST_PROVIDER "/usr/lib/pkcs11/provider.so"
| #define TEST_LOG_LEVEL 3
| #define STDC_HEADERS 1
| #define HAVE_SYS_TYPES_H 1
| #define HAVE_SYS_STAT_H 1
| #define HAVE_STDLIB_H 1
| #define HAVE_STRING_H 1
| #define HAVE_MEMORY_H 1
| #define HAVE_STRINGS_H 1
| #define HAVE_INTTYPES_H 1
| #define HAVE_STDINT_H 1
| #define HAVE_UNISTD_H 1
| #define HAVE_DLFCN_H 1
| #define LT_OBJDIR ".libs/"
| #define TIME_WITH_SYS_TIME 1
| #define HAVE_SYS_TIME_H 1
| #define HAVE_UNISTD_H 1
| #define HAVE_ALARM 1
| #define HAVE_VPRINTF 1
| #define HAVE_GETTIMEOFDAY 1
| #define HAVE_MEMMOVE 1
| #define HAVE_MEMSET 1
| #define HAVE_SOCKET 1
| #define HAVE_STRCHR 1
| #define HAVE_STRDUP 1
| #define HAVE_STRERROR 1
| #define HAVE_STRRCHR 1
| #define HAVE_SNPRINTF 1
| #define HAVE_LIBDL 1
| #define ENABLE_PKCS11H_OPENSSL_EC 1
| #define STDC_HEADERS 1
| #define HAVE_CPP_VARARG_MACRO_ISO 1
| #define HAVE_CPP_VARARG_MACRO_GCC 1
| #define TIME_WITH_SYS_TIME 1
| #define SIZEOF_SIZE_T 8
| #define PRINTF_Z_FORMAT 		"%016lx"
| #define HAVE_STDIO_H 1
| #define HAVE_STDLIB_H 1
| /* end confdefs.h.  */
| #include <stdio.h>
| #ifdef HAVE_SYS_TYPES_H
| # include <sys/types.h>
| #endif
| #ifdef HAVE_SYS_STAT_H
| # include <sys/stat.h>
| #endif
| #ifdef STDC_HEADERS
| # include <stdlib.h>
| # include <stddef.h>
| #else
| # ifdef HAVE_STDLIB_H
| #  include <stdlib.h>
| # endif
| #endif
| #ifdef HAVE_STRING_H
| # if !defined STDC_HEADERS && defined HAVE_MEMORY_H
| #  include <memory.h>
| # endif
| # include <string.h>
| #endif
| #ifdef HAVE_STRINGS_H
| # include <strings.h>
| #endif
| #ifdef HAVE_INTTYPES_H
| # include <inttypes.h>
| #endif
| #ifdef HAVE_STDINT_H
| # include <stdint.h>
| #endif
| #ifdef HAVE_UNISTD_H
| # include <unistd.h>
| #endif
| #include <malloc.h>
configure:13906: result: no
configure:13906: checking malloc.h presence
configure:13906: gcc -E  conftest.c
conftest.c:49:10: fatal error: 'malloc.h' file not found
#include <malloc.h>
         ^
1 error generated.
configure:13906: $? = 1
configure: failed program was:
| /* confdefs.h */
| #define PACKAGE_NAME "pkcs11-helper"
| #define PACKAGE_TARNAME "pkcs11-helper"
| #define PACKAGE_VERSION "1.11"
| #define PACKAGE_STRING "pkcs11-helper 1.11"
| #define PACKAGE_BUGREPORT ""
| #define PACKAGE_URL ""
| #define PACKAGE "pkcs11-helper"
| #define VERSION "1.11"
| #define TEST_PROVIDER "/usr/lib/pkcs11/provider.so"
| #define TEST_LOG_LEVEL 3
| #define STDC_HEADERS 1
| #define HAVE_SYS_TYPES_H 1
| #define HAVE_SYS_STAT_H 1
| #define HAVE_STDLIB_H 1
| #define HAVE_STRING_H 1
| #define HAVE_MEMORY_H 1
| #define HAVE_STRINGS_H 1
| #define HAVE_INTTYPES_H 1
| #define HAVE_STDINT_H 1
| #define HAVE_UNISTD_H 1
| #define HAVE_DLFCN_H 1
| #define LT_OBJDIR ".libs/"
| #define TIME_WITH_SYS_TIME 1
| #define HAVE_SYS_TIME_H 1
| #define HAVE_UNISTD_H 1
| #define HAVE_ALARM 1
| #define HAVE_VPRINTF 1
| #define HAVE_GETTIMEOFDAY 1
| #define HAVE_MEMMOVE 1
| #define HAVE_MEMSET 1
| #define HAVE_SOCKET 1
| #define HAVE_STRCHR 1
| #define HAVE_STRDUP 1
| #define HAVE_STRERROR 1
| #define HAVE_STRRCHR 1
| #define HAVE_SNPRINTF 1
| #define HAVE_LIBDL 1
| #define ENABLE_PKCS11H_OPENSSL_EC 1
| #define STDC_HEADERS 1
| #define HAVE_CPP_VARARG_MACRO_ISO 1
| #define HAVE_CPP_VARARG_MACRO_GCC 1
| #define TIME_WITH_SYS_TIME 1
| #define SIZEOF_SIZE_T 8
| #define PRINTF_Z_FORMAT 		"%016lx"
| #define HAVE_STDIO_H 1
| #define HAVE_STDLIB_H 1
| /* end confdefs.h.  */
| #include <malloc.h>
configure:13906: result: no
configure:13906: checking for malloc.h
configure:13906: result: no
configure:13906: checking ctype.h usability
configure:13906: gcc -c -isysroot /Applications/Xcode.app/Contents/Developer/Platforms/MacOSX.platform/Developer/SDKs/MacOSX10.11.sdk -Os -mmacosx-version-min=10.6 -arch x86_64  conftest.c >&5
configure:13906: $? = 0
configure:13906: result: yes
configure:13906: checking ctype.h presence
configure:13906: gcc -E  conftest.c
configure:13906: $? = 0
configure:13906: result: yes
configure:13906: checking for ctype.h
configure:13906: result: yes
configure:13906: checking for string.h
configure:13906: result: yes
configure:13906: checking errno.h usability
configure:13906: gcc -c -isysroot /Applications/Xcode.app/Contents/Developer/Platforms/MacOSX.platform/Developer/SDKs/MacOSX10.11.sdk -Os -mmacosx-version-min=10.6 -arch x86_64  conftest.c >&5
configure:13906: $? = 0
configure:13906: result: yes
configure:13906: checking errno.h presence
configure:13906: gcc -E  conftest.c
configure:13906: $? = 0
configure:13906: result: yes
configure:13906: checking for errno.h
configure:13906: result: yes
configure:13906: checking assert.h usability
configure:13906: gcc -c -isysroot /Applications/Xcode.app/Contents/Developer/Platforms/MacOSX.platform/Developer/SDKs/MacOSX10.11.sdk -Os -mmacosx-version-min=10.6 -arch x86_64  conftest.c >&5
configure:13906: $? = 0
configure:13906: result: yes
configure:13906: checking assert.h presence
configure:13906: gcc -E  conftest.c
configure:13906: $? = 0
configure:13906: result: yes
configure:13906: checking for assert.h
configure:13906: result: yes
configure:13906: checking time.h usability
configure:13906: gcc -c -isysroot /Applications/Xcode.app/Contents/Developer/Platforms/MacOSX.platform/Developer/SDKs/MacOSX10.11.sdk -Os -mmacosx-version-min=10.6 -arch x86_64  conftest.c >&5
configure:13906: $? = 0
configure:13906: result: yes
configure:13906: checking time.h presence
configure:13906: gcc -E  conftest.c
configure:13906: $? = 0
configure:13906: result: yes
configure:13906: checking for time.h
configure:13906: result: yes
configure:13926: checking signal.h usability
configure:13926: gcc -c -isysroot /Applications/Xcode.app/Contents/Developer/Platforms/MacOSX.platform/Developer/SDKs/MacOSX10.11.sdk -Os -mmacosx-version-min=10.6 -arch x86_64  conftest.c >&5
configure:13926: $? = 0
configure:13926: result: yes
configure:13926: checking signal.h presence
configure:13926: gcc -E  conftest.c
configure:13926: $? = 0
configure:13926: result: yes
configure:13926: checking for signal.h
configure:13926: result: yes
configure:13926: checking for dlfcn.h
configure:13926: result: yes
configure:13926: checking for unistd.h
configure:13926: result: yes
configure:13926: checking for sys/time.h
configure:13926: result: yes
configure:13926: checking pthread.h usability
configure:13926: gcc -c -isysroot /Applications/Xcode.app/Contents/Developer/Platforms/MacOSX.platform/Developer/SDKs/MacOSX10.11.sdk -Os -mmacosx-version-min=10.6 -arch x86_64  conftest.c >&5
configure:13926: $? = 0
configure:13926: result: yes
configure:13926: checking pthread.h presence
configure:13926: gcc -E  conftest.c
configure:13926: $? = 0
configure:13926: result: yes
configure:13926: checking for pthread.h
configure:13926: result: yes
configure:13938: checking OpenSSL interface
configure:13944: result: yes
configure:13953: checking Win32 crypto engine
configure:13962: result: no
configure:13966: checking OpenSSL crypto engine
configure:13970: result: yes
configure:13990: checking GnuTLS crypto engine
configure:14002: result: no
configure:14010: checking NSS crypto engine
configure:14022: result: no
configure:14030: checking PolarSSL crypto engine
configure:14042: result: no
configure:14386: creating ./config.status

## ---------------------- ##
## Running config.status. ##
## ---------------------- ##

This file was extended by pkcs11-helper config.status 1.11, which was
generated by GNU Autoconf 2.69.  Invocation command line was

  CONFIG_FILES    = 
  CONFIG_HEADERS  = 
  CONFIG_LINKS    = 
  CONFIG_COMMANDS = 
  $ ./config.status 

on Jeans-MacBook-Pro.local

config.status:1230: creating Makefile
config.status:1230: creating config-w32-vc.h
config.status:1230: creating include/Makefile
config.status:1230: creating include/pkcs11-helper-1.0/Makefile
config.status:1230: creating include/pkcs11-helper-1.0/pkcs11h-version.h
config.status:1230: creating man/Makefile
config.status:1230: creating doc/Makefile
config.status:1230: creating doc/api/Makefile
config.status:1230: creating doc/api/Doxyfile
config.status:1230: creating lib/Makefile
config.status:1230: creating lib/libpkcs11-helper-1.pc
config.status:1230: creating lib/versioninfo.rc
config.status:1230: creating m4dir/Makefile
config.status:1230: creating distro/Makefile
config.status:1230: creating distro/rpm/Makefile
config.status:1230: creating distro/rpm/pkcs11-helper.spec
config.status:1230: creating distro/debian/Makefile
config.status:1230: creating tests/Makefile
config.status:1230: creating tests/test-basic/Makefile
config.status:1230: creating tests/test-certificate/Makefile
config.status:1230: creating tests/test-slotevent/Makefile
config.status:1230: creating config.h
config.status:1459: executing depfiles commands
config.status:1459: executing libtool commands

## ---------------- ##
## Cache variables. ##
## ---------------- ##

ac_cv_build=x86_64-apple-darwin
ac_cv_c_compiler_gnu=yes
ac_cv_c_const=yes
ac_cv_c_volatile=yes
ac_cv_env_CC_set=set
ac_cv_env_CC_value=gcc
ac_cv_env_CFLAGS_set=set
ac_cv_env_CFLAGS_value='-isysroot /Applications/Xcode.app/Contents/Developer/Platforms/MacOSX.platform/Developer/SDKs/MacOSX10.11.sdk -Os -mmacosx-version-min=10.6 -arch x86_64'
ac_cv_env_CPPFLAGS_set=
ac_cv_env_CPPFLAGS_value=
ac_cv_env_CPP_set=
ac_cv_env_CPP_value=
ac_cv_env_DOXYGEN_set=
ac_cv_env_DOXYGEN_value=
ac_cv_env_GNUTLS_CFLAGS_set=
ac_cv_env_GNUTLS_CFLAGS_value=
ac_cv_env_GNUTLS_LIBS_set=
ac_cv_env_GNUTLS_LIBS_value=
ac_cv_env_LDFLAGS_set=
ac_cv_env_LDFLAGS_value=
ac_cv_env_LIBS_set=
ac_cv_env_LIBS_value=
ac_cv_env_M4_set=
ac_cv_env_M4_value=
ac_cv_env_MAN2HTML_set=
ac_cv_env_MAN2HTML_value=
ac_cv_env_NSS_CFLAGS_set=
ac_cv_env_NSS_CFLAGS_value=
ac_cv_env_NSS_LIBS_set=
ac_cv_env_NSS_LIBS_value=
ac_cv_env_OPENSSL_CFLAGS_set=set
ac_cv_env_OPENSSL_CFLAGS_value=-I/Users/Jean/Dropbox/Website/openVPN/third_party/build/staging/openssl-1.0.2h/include/x86_64
ac_cv_env_OPENSSL_LIBS_set=set
ac_cv_env_OPENSSL_LIBS_value='-L/Users/Jean/Dropbox/Website/openVPN/third_party/build/staging/openssl-1.0.2h/lib 	              -lssl 	              -lcrypto 	              -lz'
ac_cv_env_PKG_CONFIG_LIBDIR_set=
ac_cv_env_PKG_CONFIG_LIBDIR_value=
ac_cv_env_PKG_CONFIG_PATH_set=
ac_cv_env_PKG_CONFIG_PATH_value=
ac_cv_env_PKG_CONFIG_set=
ac_cv_env_PKG_CONFIG_value=
ac_cv_env_POLARSSL_CFLAGS_set=
ac_cv_env_POLARSSL_CFLAGS_value=
ac_cv_env_POLARSSL_LIBS_set=
ac_cv_env_POLARSSL_LIBS_value=
ac_cv_env_build_alias_set=set
ac_cv_env_build_alias_value=x86_64-apple-darwin
ac_cv_env_host_alias_set=
ac_cv_env_host_alias_value=
ac_cv_env_target_alias_set=
ac_cv_env_target_alias_value=
ac_cv_func_ECDSA_METHOD_new=yes
ac_cv_func__doprnt=no
ac_cv_func_alarm=yes
ac_cv_func_gettimeofday=yes
ac_cv_func_memmove=yes
ac_cv_func_memset=yes
ac_cv_func_snprintf=yes
ac_cv_func_socket=yes
ac_cv_func_strchr=yes
ac_cv_func_strdup=yes
ac_cv_func_strerror=yes
ac_cv_func_strrchr=yes
ac_cv_func_vprintf=yes
ac_cv_func_working_mktime=no
ac_cv_header_assert_h=yes
ac_cv_header_ctype_h=yes
ac_cv_header_dlfcn_h=yes
ac_cv_header_errno_h=yes
ac_cv_header_inttypes_h=yes
ac_cv_header_malloc_h=no
ac_cv_header_memory_h=yes
ac_cv_header_pthread_h=yes
ac_cv_header_signal_h=yes
ac_cv_header_stdargs_h=no
ac_cv_header_stdc=yes
ac_cv_header_stdint_h=yes
ac_cv_header_stdio_h=yes
ac_cv_header_stdlib_h=yes
ac_cv_header_string_h=yes
ac_cv_header_strings_h=yes
ac_cv_header_sys_stat_h=yes
ac_cv_header_sys_time_h=yes
ac_cv_header_sys_types_h=yes
ac_cv_header_time=yes
ac_cv_header_time_h=yes
ac_cv_header_unistd_h=yes
ac_cv_host=x86_64-apple-darwin
ac_cv_lib_dl_dlopen=yes
ac_cv_lib_polarssl_x509parse_crt=no
ac_cv_objext=o
ac_cv_path_EGREP='/usr/bin/grep -E'
ac_cv_path_FGREP='/usr/bin/grep -F'
ac_cv_path_GREP=/usr/bin/grep
ac_cv_path_SED=/usr/bin/sed
ac_cv_path_ac_pt_PKG_CONFIG=/usr/local/bin/pkg-config
ac_cv_path_install='/usr/bin/install -c'
ac_cv_prog_AWK=awk
ac_cv_prog_CPP='gcc -E'
ac_cv_prog_M4=m4
ac_cv_prog_ac_ct_AR=ar
ac_cv_prog_ac_ct_CC=gcc
ac_cv_prog_ac_ct_DSYMUTIL=dsymutil
ac_cv_prog_ac_ct_LIPO=lipo
ac_cv_prog_ac_ct_NMEDIT=nmedit
ac_cv_prog_ac_ct_OTOOL=otool
ac_cv_prog_ac_ct_RANLIB=ranlib
ac_cv_prog_ac_ct_STRIP=strip
ac_cv_prog_cc_c89=
ac_cv_prog_cc_g=yes
ac_cv_prog_make_make_set=yes
ac_cv_sizeof_size_t=8
ac_cv_struct_tm=time.h
ac_cv_type_off_t=yes
ac_cv_type_pid_t=yes
ac_cv_type_size_t=yes
am_cv_CC_dependencies_compiler_type=none
ax_cv_cpp_vararg_macro_gcc=yes
ax_cv_cpp_vararg_macro_iso=yes
ax_cv_printf_z_format=%016lx
lt_cv_apple_cc_single_mod=yes
lt_cv_ar_at_file=no
lt_cv_deplibs_check_method=pass_all
lt_cv_file_magic_cmd='$MAGIC_CMD'
lt_cv_file_magic_test_file=
lt_cv_ld_exported_symbols_list=yes
lt_cv_ld_force_load=yes
lt_cv_ld_reload_flag=-r
lt_cv_nm_interface='BSD nm'
lt_cv_objdir=.libs
lt_cv_path_LD=/Applications/Xcode.app/Contents/Developer/Toolchains/XcodeDefault.xctoolchain/usr/bin/ld
lt_cv_path_NM='/Applications/Xcode.app/Contents/Developer/Toolchains/XcodeDefault.xctoolchain/usr/bin/nm -B'
lt_cv_path_mainfest_tool=no
lt_cv_prog_compiler_c_o=yes
lt_cv_prog_compiler_c_o_RC=yes
lt_cv_prog_compiler_pic='-fno-common -DPIC'
lt_cv_prog_compiler_pic_works=yes
lt_cv_prog_compiler_rtti_exceptions=yes
lt_cv_prog_compiler_static_works=no
lt_cv_prog_gnu_ld=no
lt_cv_sharedlib_from_linklib_cmd='printf %s\n'
lt_cv_sys_global_symbol_pipe='sed -n -e '\''s/^.*[	 ]\([BCDEGRST][BCDEGRST]*\)[	 ][	 ]*_\([_A-Za-z][_A-Za-z0-9]*\)$/\1 _\2 \2/p'\'' | sed '\''/ __gnu_lto/d'\'''
lt_cv_sys_global_symbol_to_c_name_address='sed -n -e '\''s/^: \([^ ]*\)[ ]*$/  {\"\1\", (void *) 0},/p'\'' -e '\''s/^[BCDEGRST]* \([^ ]*\) \([^ ]*\)$/  {"\2", (void *) \&\2},/p'\'''
lt_cv_sys_global_symbol_to_c_name_address_lib_prefix='sed -n -e '\''s/^: \([^ ]*\)[ ]*$/  {\"\1\", (void *) 0},/p'\'' -e '\''s/^[BCDEGRST]* \([^ ]*\) \(lib[^ ]*\)$/  {"\2", (void *) \&\2},/p'\'' -e '\''s/^[BCDEGRST]* \([^ ]*\) \([^ ]*\)$/  {"lib\2", (void *) \&\2},/p'\'''
lt_cv_sys_global_symbol_to_cdecl='sed -n -e '\''s/^T .* \(.*\)$/extern int \1();/p'\'' -e '\''s/^[BCDEGRST]* .* \(.*\)$/extern char \1;/p'\'''
lt_cv_sys_max_cmd_len=196608
lt_cv_to_host_file_cmd=func_convert_file_noop
lt_cv_to_tool_file_cmd=func_convert_file_noop
pkg_cv_OPENSSL_CFLAGS=-I/Users/Jean/Dropbox/Website/openVPN/third_party/build/staging/openssl-1.0.2h/include/x86_64
pkg_cv_OPENSSL_LIBS='-L/Users/Jean/Dropbox/Website/openVPN/third_party/build/staging/openssl-1.0.2h/lib 	              -lssl 	              -lcrypto 	              -lz'

## ----------------- ##
## Output variables. ##
## ----------------- ##

ACLOCAL='${SHELL} /Users/Jean/Dropbox/Website/openVPN/third_party/build/pkcs11-helper-1.11/missing --run aclocal-1.11'
AMDEPBACKSLASH=''
AMDEP_FALSE=''
AMDEP_TRUE='#'
AMTAR='$${TAR-tar}'
AR='ar'
AS='as'
AUTOCONF='${SHELL} /Users/Jean/Dropbox/Website/openVPN/third_party/build/pkcs11-helper-1.11/missing --run autoconf'
AUTOHEADER='${SHELL} /Users/Jean/Dropbox/Website/openVPN/third_party/build/pkcs11-helper-1.11/missing --run autoheader'
AUTOMAKE='${SHELL} /Users/Jean/Dropbox/Website/openVPN/third_party/build/pkcs11-helper-1.11/missing --run automake-1.11'
AWK='awk'
CC='gcc'
CCDEPMODE='depmode=none'
CFLAGS='-isysroot /Applications/Xcode.app/Contents/Developer/Platforms/MacOSX.platform/Developer/SDKs/MacOSX10.11.sdk -Os -mmacosx-version-min=10.6 -arch x86_64 -I/Users/Jean/Dropbox/Website/openVPN/third_party/build/staging/openssl-1.0.2h/include/x86_64'
CPP='gcc -E'
CPPFLAGS=''
CYGPATH_W='echo'
CYGWIN_FALSE=''
CYGWIN_TRUE='#'
DEFS='-DHAVE_CONFIG_H'
DEPDIR='.deps'
DLLTOOL='false'
DOXYGEN=''
DSYMUTIL='dsymutil'
DUMPBIN=''
ECHO_C='\c'
ECHO_N=''
ECHO_T=''
EGREP='/usr/bin/grep -E'
ENABLE_DOC_FALSE=''
ENABLE_DOC_TRUE='#'
ENABLE_PKCS11H_CERTIFICATE_FALSE='#'
ENABLE_PKCS11H_CERTIFICATE_TRUE=''
ENABLE_PKCS11H_DATA_FALSE='#'
ENABLE_PKCS11H_DATA_TRUE=''
ENABLE_PKCS11H_OPENSSL_FALSE='#'
ENABLE_PKCS11H_OPENSSL_TRUE=''
ENABLE_PKCS11H_SLOTEVENT_FALSE=''
ENABLE_PKCS11H_SLOTEVENT_TRUE='#'
ENABLE_PKCS11H_TOKEN_FALSE='#'
ENABLE_PKCS11H_TOKEN_TRUE=''
ENABLE_TESTS_FALSE=''
ENABLE_TESTS_TRUE='#'
EXEEXT=''
FGREP='/usr/bin/grep -F'
GNUTLS_CFLAGS=''
GNUTLS_LIBS=''
GREP='/usr/bin/grep'
INSTALL_DATA='${INSTALL} -m 644'
INSTALL_PROGRAM='${INSTALL}'
INSTALL_SCRIPT='${INSTALL}'
INSTALL_STRIP_PROGRAM='$(install_sh) -c -s'
LD='/Applications/Xcode.app/Contents/Developer/Toolchains/XcodeDefault.xctoolchain/usr/bin/ld'
LDFLAGS=''
LIBOBJS=' ${LIBOBJDIR}mktime$U.o'
LIBPKCS11_HELPER_LT_AGE='0'
LIBPKCS11_HELPER_LT_CURRENT='1'
LIBPKCS11_HELPER_LT_OLDEST='1'
LIBPKCS11_HELPER_LT_REVISION='0'
LIBS='-ldl  -L/Users/Jean/Dropbox/Website/openVPN/third_party/build/staging/openssl-1.0.2h/lib 	              -lssl 	              -lcrypto 	              -lz'
LIBTOOL='$(SHELL) $(top_builddir)/libtool'
LIPO='lipo'
LN_S='ln -s'
LTLIBOBJS=' ${LIBOBJDIR}mktime$U.lo'
M4='m4'
MAKEINFO='${SHELL} /Users/Jean/Dropbox/Website/openVPN/third_party/build/pkcs11-helper-1.11/missing --run makeinfo'
MAN2HTML=''
MANIFEST_TOOL=':'
MKDIR_P='./install-sh -c -d'
NM='/Applications/Xcode.app/Contents/Developer/Toolchains/XcodeDefault.xctoolchain/usr/bin/nm -B'
NMEDIT='nmedit'
NSS_CFLAGS=''
NSS_LIBS=''
OBJDUMP='false'
OBJEXT='o'
OPENSSL_CFLAGS='-I/Users/Jean/Dropbox/Website/openVPN/third_party/build/staging/openssl-1.0.2h/include/x86_64'
OPENSSL_LIBS='-L/Users/Jean/Dropbox/Website/openVPN/third_party/build/staging/openssl-1.0.2h/lib 	              -lssl 	              -lcrypto 	              -lz'
OTOOL64=':'
OTOOL='otool'
PACKAGE='pkcs11-helper'
PACKAGE_BUGREPORT=''
PACKAGE_NAME='pkcs11-helper'
PACKAGE_STRING='pkcs11-helper 1.11'
PACKAGE_TARNAME='pkcs11-helper'
PACKAGE_URL=''
PACKAGE_VERSION='1.11'
PATH_SEPARATOR=':'
PKCS11H_FEATURES=' debug token data certificate openssl engine_crypto_openssl engine_crypto_nss engine_crypto_polarssl engine_crypto_cryptoapi engine_crypto_gnutls engine_crypto'
PKCS11H_VERSION_FIX='0'
PKCS11H_VERSION_MAJOR='1'
PKCS11H_VERSION_MINOR='11'
PKG_CONFIG='/usr/local/bin/pkg-config'
PKG_CONFIG_LIBDIR=''
PKG_CONFIG_PATH=''
POLARSSL_CFLAGS=''
POLARSSL_LIBS=''
RANLIB='ranlib'
RC=''
SED='/usr/bin/sed'
SET_MAKE=''
SHELL='/bin/sh'
STRIP='strip'
VERSION='1.11'
WIN32_FALSE=''
WIN32_TRUE='#'
WIN_LIBPREFIX=''
ac_ct_AR='ar'
ac_ct_CC='gcc'
ac_ct_DUMPBIN=''
am__EXEEXT_FALSE=''
am__EXEEXT_TRUE='#'
am__fastdepCC_FALSE=''
am__fastdepCC_TRUE='#'
am__include='include'
am__isrc=''
am__leading_dot='.'
am__nodep=''
am__quote=''
am__tar='$${TAR-tar} chof - "$$tardir"'
am__untar='$${TAR-tar} xf -'
apidocdir='$(htmldir)/api'
bindir='${exec_prefix}/bin'
build='x86_64-apple-darwin'
build_alias='x86_64-apple-darwin'
build_cpu='x86_64'
build_os='darwin'
build_vendor='apple'
datadir='${datarootdir}'
datarootdir='${prefix}/share'
docdir='${datarootdir}/doc/${PACKAGE_TARNAME}'
dvidir='${docdir}'
exec_prefix='${prefix}'
host='x86_64-apple-darwin'
host_alias=''
host_cpu='x86_64'
host_os='darwin'
host_vendor='apple'
htmldir='${docdir}'
includedir='/Users/Jean/Dropbox/Website/openVPN/third_party/build/staging/pkcs11-helper-1.11/include'
infodir='${datarootdir}/info'
install_sh='${SHELL} /Users/Jean/Dropbox/Website/openVPN/third_party/build/pkcs11-helper-1.11/install-sh'
libdir='${exec_prefix}/lib'
libexecdir='${exec_prefix}/libexec'
localedir='${datarootdir}/locale'
localstatedir='${prefix}/var'
m4dir='$(datadir)/aclocal'
mandir='${datarootdir}/man'
mkdir_p='$(top_builddir)/./install-sh -c -d'
oldincludedir='/usr/include'
pdfdir='${docdir}'
pkcs11hincludedir='$(includedir)/pkcs11-helper-1.0'
pkgconfigdir='$(libdir)/pkgconfig'
prefix='/Users/Jean/Dropbox/Website/openVPN/third_party/build/staging/pkcs11-helper-1.11_x86_64'
program_transform_name='s,x,x,'
psdir='${docdir}'
sbindir='${exec_prefix}/sbin'
sharedstatedir='${prefix}/com'
sysconfdir='${prefix}/etc'
target_alias=''

## ----------- ##
## confdefs.h. ##
## ----------- ##

/* confdefs.h */
#define PACKAGE_NAME "pkcs11-helper"
#define PACKAGE_TARNAME "pkcs11-helper"
#define PACKAGE_VERSION "1.11"
#define PACKAGE_STRING "pkcs11-helper 1.11"
#define PACKAGE_BUGREPORT ""
#define PACKAGE_URL ""
#define PACKAGE "pkcs11-helper"
#define VERSION "1.11"
#define TEST_PROVIDER "/usr/lib/pkcs11/provider.so"
#define TEST_LOG_LEVEL 3
#define STDC_HEADERS 1
#define HAVE_SYS_TYPES_H 1
#define HAVE_SYS_STAT_H 1
#define HAVE_STDLIB_H 1
#define HAVE_STRING_H 1
#define HAVE_MEMORY_H 1
#define HAVE_STRINGS_H 1
#define HAVE_INTTYPES_H 1
#define HAVE_STDINT_H 1
#define HAVE_UNISTD_H 1
#define HAVE_DLFCN_H 1
#define LT_OBJDIR ".libs/"
#define TIME_WITH_SYS_TIME 1
#define HAVE_SYS_TIME_H 1
#define HAVE_UNISTD_H 1
#define HAVE_ALARM 1
#define HAVE_VPRINTF 1
#define HAVE_GETTIMEOFDAY 1
#define HAVE_MEMMOVE 1
#define HAVE_MEMSET 1
#define HAVE_SOCKET 1
#define HAVE_STRCHR 1
#define HAVE_STRDUP 1
#define HAVE_STRERROR 1
#define HAVE_STRRCHR 1
#define HAVE_SNPRINTF 1
#define HAVE_LIBDL 1
#define ENABLE_PKCS11H_OPENSSL_EC 1
#define STDC_HEADERS 1
#define HAVE_CPP_VARARG_MACRO_ISO 1
#define HAVE_CPP_VARARG_MACRO_GCC 1
#define TIME_WITH_SYS_TIME 1
#define SIZEOF_SIZE_T 8
#define PRINTF_Z_FORMAT 		"%016lx"
#define HAVE_STDIO_H 1
#define HAVE_STDLIB_H 1
#define HAVE_CTYPE_H 1
#define HAVE_STRING_H 1
#define HAVE_ERRNO_H 1
#define HAVE_ASSERT_H 1
#define HAVE_TIME_H 1
#define HAVE_SIGNAL_H 1
#define HAVE_DLFCN_H 1
#define HAVE_UNISTD_H 1
#define HAVE_SYS_TIME_H 1
#define HAVE_PTHREAD_H 1
#define ENABLE_PKCS11H_ENGINE_OPENSSL 1
#define ENABLE_PKCS11H_DEBUG 1
#define ENABLE_PKCS11H_TOKEN 1
#define ENABLE_PKCS11H_DATA 1
#define ENABLE_PKCS11H_CERTIFICATE 1
#define ENABLE_PKCS11H_OPENSSL 1

configure: exit 0
